The following modules were not unloaded:
  (Use "module --force purge" to unload all):

  1) XALT/minimal   2) slurm   3) NeSI
Lmod has detected the following error: The following module(s) are unknown:
"gcc/9.3.0"

Please check the spelling or version number. Also try "module spider ..."
It is also possible your cache file is out-of-date; it may help to try:
  $ module --ignore_cache load "gcc/9.3.0"

Also make sure that all modulefiles written in TCL start with the string
#%Module



Mon Oct 21 10:22:47 2024       
+---------------------------------------------------------------------------------------+
| NVIDIA-SMI 535.104.05             Driver Version: 535.104.05   CUDA Version: 12.2     |
|-----------------------------------------+----------------------+----------------------+
| GPU  Name                 Persistence-M | Bus-Id        Disp.A | Volatile Uncorr. ECC |
| Fan  Temp   Perf          Pwr:Usage/Cap |         Memory-Usage | GPU-Util  Compute M. |
|                                         |                      |               MIG M. |
|=========================================+======================+======================|
|   0  NVIDIA A100-SXM4-80GB          On  | 00000000:01:00.0 Off |                    0 |
| N/A   29C    P0              69W / 500W |      4MiB / 81920MiB |      0%      Default |
|                                         |                      |             Disabled |
+-----------------------------------------+----------------------+----------------------+
|   1  NVIDIA A100-SXM4-80GB          On  | 00000000:41:00.0 Off |                    0 |
| N/A   28C    P0              56W / 500W |      4MiB / 81920MiB |      0%      Default |
|                                         |                      |             Disabled |
+-----------------------------------------+----------------------+----------------------+
|   2  NVIDIA A100-SXM4-80GB          On  | 00000000:81:00.0 Off |                    0 |
| N/A   29C    P0              56W / 500W |      4MiB / 81920MiB |      0%      Default |
|                                         |                      |             Disabled |
+-----------------------------------------+----------------------+----------------------+
|   3  NVIDIA A100-SXM4-80GB          On  | 00000000:C1:00.0 Off |                   On |
| N/A   28C    P0              49W / 500W |     87MiB / 81920MiB |     N/A      Default |
|                                         |                      |              Enabled |
+-----------------------------------------+----------------------+----------------------+

+---------------------------------------------------------------------------------------+
| MIG devices:                                                                          |
+------------------+--------------------------------+-----------+-----------------------+
| GPU  GI  CI  MIG |                   Memory-Usage |        Vol|      Shared           |
|      ID  ID  Dev |                     BAR1-Usage | SM     Unc| CE ENC DEC OFA JPG    |
|                  |                                |        ECC|                       |
|==================+================================+===========+=======================|
|  3    7   0   0  |              12MiB /  9728MiB  | 14      0 |  1   0    0    0    0 |
|                  |               0MiB / 16383MiB  |           |                       |
+------------------+--------------------------------+-----------+-----------------------+
|  3    8   0   1  |              12MiB /  9728MiB  | 14      0 |  1   0    0    0    0 |
|                  |               0MiB / 16383MiB  |           |                       |
+------------------+--------------------------------+-----------+-----------------------+
|  3    9   0   2  |              12MiB /  9728MiB  | 14      0 |  1   0    0    0    0 |
|                  |               0MiB / 16383MiB  |           |                       |
+------------------+--------------------------------+-----------+-----------------------+
|  3   10   0   3  |              12MiB /  9728MiB  | 14      0 |  1   0    0    0    0 |
|                  |               0MiB / 16383MiB  |           |                       |
+------------------+--------------------------------+-----------+-----------------------+
|  3   11   0   4  |              12MiB /  9728MiB  | 14      0 |  1   0    0    0    0 |
|                  |               0MiB / 16383MiB  |           |                       |
+------------------+--------------------------------+-----------+-----------------------+
|  3   12   0   5  |              12MiB /  9728MiB  | 14      0 |  1   0    0    0    0 |
|                  |               0MiB / 16383MiB  |           |                       |
+------------------+--------------------------------+-----------+-----------------------+
|  3   13   0   6  |              12MiB /  9728MiB  | 14      0 |  1   0    0    0    0 |
|                  |               0MiB / 16383MiB  |           |                       |
+------------------+--------------------------------+-----------+-----------------------+
                                                                                         
+---------------------------------------------------------------------------------------+
| Processes:                                                                            |
|  GPU   GI   CI        PID   Type   Process name                            GPU Memory |
|        ID   ID                                                             Usage      |
|=======================================================================================|
|  No running processes found                                                           |
+---------------------------------------------------------------------------------------+
2024-10-21 10:22:51.109354: I tensorflow/stream_executor/platform/default/dso_loader.cc:53] Successfully opened dynamic library libcudart.so.11.0
Traceback (most recent call last):
  File "/nesi/project/niwa00018/ML_downscaling_CCAM/A-Robust-Generative-Adversarial-Network-Approach-for-Climate-Downscaling/ops/model_inference/model_inference_all_gcms.py", line 19, in <module>
    from src.layers import *
ModuleNotFoundError: No module named 'src'
