Lmod has detected the following error: The following module(s) are unknown: "gcc/9.3.0"

Please check the spelling or version number. Also try "module spider ..."
It is also possible your cache file is out-of-date; it may help to try:
  $ module --ignore_cache load "gcc/9.3.0"

Also make sure that all modulefiles written in TCL start with the string #%Module



Fri Mar 28 11:09:06 2025       
+---------------------------------------------------------------------------------------+
| NVIDIA-SMI 535.104.05             Driver Version: 535.104.05   CUDA Version: 12.2     |
|-----------------------------------------+----------------------+----------------------+
| GPU  Name                 Persistence-M | Bus-Id        Disp.A | Volatile Uncorr. ECC |
| Fan  Temp   Perf          Pwr:Usage/Cap |         Memory-Usage | GPU-Util  Compute M. |
|                                         |                      |               MIG M. |
|=========================================+======================+======================|
|   0  NVIDIA A100-SXM4-80GB          On  | 00000000:01:00.0 Off |                    0 |
| N/A   26C    P0              58W / 500W |      4MiB / 81920MiB |      0%      Default |
|                                         |                      |             Disabled |
+-----------------------------------------+----------------------+----------------------+
|   1  NVIDIA A100-SXM4-80GB          On  | 00000000:41:00.0 Off |                    0 |
| N/A   26C    P0              56W / 500W |      4MiB / 81920MiB |      0%      Default |
|                                         |                      |             Disabled |
+-----------------------------------------+----------------------+----------------------+
|   2  NVIDIA A100-SXM4-80GB          On  | 00000000:81:00.0 Off |                    0 |
| N/A   27C    P0              56W / 500W |      4MiB / 81920MiB |      0%      Default |
|                                         |                      |             Disabled |
+-----------------------------------------+----------------------+----------------------+
|   3  NVIDIA A100-SXM4-80GB          On  | 00000000:C1:00.0 Off |                   On |
| N/A   26C    P0              49W / 500W |     87MiB / 81920MiB |     N/A      Default |
|                                         |                      |              Enabled |
+-----------------------------------------+----------------------+----------------------+

+---------------------------------------------------------------------------------------+
| MIG devices:                                                                          |
+------------------+--------------------------------+-----------+-----------------------+
| GPU  GI  CI  MIG |                   Memory-Usage |        Vol|      Shared           |
|      ID  ID  Dev |                     BAR1-Usage | SM     Unc| CE ENC DEC OFA JPG    |
|                  |                                |        ECC|                       |
|==================+================================+===========+=======================|
|  3    7   0   0  |              12MiB /  9728MiB  | 14      0 |  1   0    0    0    0 |
|                  |               0MiB / 16383MiB  |           |                       |
+------------------+--------------------------------+-----------+-----------------------+
|  3    8   0   1  |              12MiB /  9728MiB  | 14      0 |  1   0    0    0    0 |
|                  |               0MiB / 16383MiB  |           |                       |
+------------------+--------------------------------+-----------+-----------------------+
|  3    9   0   2  |              12MiB /  9728MiB  | 14      0 |  1   0    0    0    0 |
|                  |               0MiB / 16383MiB  |           |                       |
+------------------+--------------------------------+-----------+-----------------------+
|  3   10   0   3  |              12MiB /  9728MiB  | 14      0 |  1   0    0    0    0 |
|                  |               0MiB / 16383MiB  |           |                       |
+------------------+--------------------------------+-----------+-----------------------+
|  3   11   0   4  |              12MiB /  9728MiB  | 14      0 |  1   0    0    0    0 |
|                  |               0MiB / 16383MiB  |           |                       |
+------------------+--------------------------------+-----------+-----------------------+
|  3   12   0   5  |              12MiB /  9728MiB  | 14      0 |  1   0    0    0    0 |
|                  |               0MiB / 16383MiB  |           |                       |
+------------------+--------------------------------+-----------+-----------------------+
|  3   13   0   6  |              12MiB /  9728MiB  | 14      0 |  1   0    0    0    0 |
|                  |               0MiB / 16383MiB  |           |                       |
+------------------+--------------------------------+-----------+-----------------------+
                                                                                         
+---------------------------------------------------------------------------------------+
| Processes:                                                                            |
|  GPU   GI   CI        PID   Type   Process name                            GPU Memory |
|        ID   ID                                                             Usage      |
|=======================================================================================|
|  No running processes found                                                           |
+---------------------------------------------------------------------------------------+
2025-03-28 11:09:11.061097: I tensorflow/stream_executor/platform/default/dso_loader.cc:53] Successfully opened dynamic library libcudart.so.11.0
2025-03-28 11:09:26.046459: I tensorflow/stream_executor/platform/default/dso_loader.cc:53] Successfully opened dynamic library libcuda.so.1
2025-03-28 11:09:26.246387: I tensorflow/core/common_runtime/gpu/gpu_device.cc:1733] Found device 0 with properties: 
pciBusID: 0000:01:00.0 name: NVIDIA A100-SXM4-80GB computeCapability: 8.0
coreClock: 1.41GHz coreCount: 108 deviceMemorySize: 79.15GiB deviceMemoryBandwidth: 1.85TiB/s
2025-03-28 11:09:26.246445: I tensorflow/stream_executor/platform/default/dso_loader.cc:53] Successfully opened dynamic library libcudart.so.11.0
2025-03-28 11:09:26.283223: I tensorflow/stream_executor/platform/default/dso_loader.cc:53] Successfully opened dynamic library libcublas.so.11
2025-03-28 11:09:26.283273: I tensorflow/stream_executor/platform/default/dso_loader.cc:53] Successfully opened dynamic library libcublasLt.so.11
2025-03-28 11:09:26.284066: I tensorflow/stream_executor/platform/default/dso_loader.cc:53] Successfully opened dynamic library libcufft.so.10
2025-03-28 11:09:26.284355: I tensorflow/stream_executor/platform/default/dso_loader.cc:53] Successfully opened dynamic library libcurand.so.10
2025-03-28 11:09:26.286714: I tensorflow/stream_executor/platform/default/dso_loader.cc:53] Successfully opened dynamic library libcusolver.so.11
2025-03-28 11:09:26.287214: I tensorflow/stream_executor/platform/default/dso_loader.cc:53] Successfully opened dynamic library libcusparse.so.11
2025-03-28 11:09:26.303817: I tensorflow/stream_executor/platform/default/dso_loader.cc:53] Successfully opened dynamic library libcudnn.so.8
2025-03-28 11:09:26.309049: I tensorflow/core/common_runtime/gpu/gpu_device.cc:1871] Adding visible gpu devices: 0
2025-03-28 11:09:26.309293: I tensorflow/core/platform/cpu_feature_guard.cc:142] This TensorFlow binary is optimized with oneAPI Deep Neural Network Library (oneDNN) to use the following CPU instructions in performance-critical operations:  AVX2 FMA
To enable them in other operations, rebuild TensorFlow with the appropriate compiler flags.
2025-03-28 11:09:26.312054: I tensorflow/core/common_runtime/gpu/gpu_device.cc:1733] Found device 0 with properties: 
pciBusID: 0000:01:00.0 name: NVIDIA A100-SXM4-80GB computeCapability: 8.0
coreClock: 1.41GHz coreCount: 108 deviceMemorySize: 79.15GiB deviceMemoryBandwidth: 1.85TiB/s
2025-03-28 11:09:26.317133: I tensorflow/core/common_runtime/gpu/gpu_device.cc:1871] Adding visible gpu devices: 0
2025-03-28 11:09:26.317167: I tensorflow/stream_executor/platform/default/dso_loader.cc:53] Successfully opened dynamic library libcudart.so.11.0
2025-03-28 11:09:26.725710: I tensorflow/core/common_runtime/gpu/gpu_device.cc:1258] Device interconnect StreamExecutor with strength 1 edge matrix:
2025-03-28 11:09:26.725787: I tensorflow/core/common_runtime/gpu/gpu_device.cc:1264]      0 
2025-03-28 11:09:26.725795: I tensorflow/core/common_runtime/gpu/gpu_device.cc:1277] 0:   N 
2025-03-28 11:09:26.730235: I tensorflow/core/common_runtime/gpu/gpu_device.cc:1418] Created TensorFlow device (/job:localhost/replica:0/task:0/device:GPU:0 with 78936 MB memory) -> physical GPU (device: 0, name: NVIDIA A100-SXM4-80GB, pci bus id: 0000:01:00.0, compute capability: 8.0)
<xarray.DataArray 'orog' ()>
array(1733.36035156) <xarray.DataArray 'he' ()>
array(1157.46264648) <xarray.DataArray 'vegt' ()>
array(17.00000763)
prepraring data fpr a GCM ACCESS-CM2
Traceback (most recent call last):
  File "/nesi/project/niwa00018/ML_downscaling_CCAM/On-the-Extrapolation-of-Generative-Adversarial-Networks-for-downscaling-precipitation-extremes/model_inference/model_inference_all_gcms_v280325.py", line 93, in <module>
    output_hist = xr.concat([predict_parallel_resid_v280325(gan, unet,
  File "/nesi/project/niwa00018/ML_downscaling_CCAM/On-the-Extrapolation-of-Generative-Adversarial-Networks-for-downscaling-precipitation-extremes/model_inference/model_inference_all_gcms_v280325.py", line 93, in <listcomp>
    output_hist = xr.concat([predict_parallel_resid_v280325(gan, unet,
TypeError: predict_parallel_resid_v280325() got an unexpected keyword argument 'output_add_factor'
